SF:lib\domain\entities\movie.dart
DA:5,6
DA:21,0
DA:42,4
DA:43,4
DA:44,4
DA:45,4
DA:46,4
DA:47,4
DA:48,4
DA:49,4
DA:50,4
DA:51,4
DA:52,4
DA:53,4
DA:54,4
DA:55,4
DA:56,4
LF:17
LH:16
end_of_record
SF:lib\domain\entities\movie_detail.dart
DA:4,8
DA:32,1
DA:33,1
DA:34,1
DA:35,1
DA:36,1
DA:37,1
DA:38,1
DA:39,1
DA:40,1
DA:41,1
DA:42,1
DA:43,1
DA:44,1
LF:14
LH:14
end_of_record
SF:lib\domain\usecases\get_movie_detail.dart
DA:8,1
DA:10,1
DA:11,2
LF:3
LH:3
end_of_record
SF:lib\domain\usecases\get_movie_recommendations.dart
DA:8,1
DA:10,1
DA:11,2
LF:3
LH:3
end_of_record
SF:lib\domain\usecases\get_now_playing_movies.dart
DA:8,1
DA:10,1
DA:11,2
LF:3
LH:3
end_of_record
SF:lib\domain\usecases\get_popular_movies.dart
DA:8,1
DA:10,1
DA:11,2
LF:3
LH:3
end_of_record
SF:lib\domain\usecases\get_top_rated_movies.dart
DA:8,1
DA:10,1
DA:11,2
LF:3
LH:3
end_of_record
SF:lib\presentation\bloc\movie_detail\movie_detail_state.dart
DA:6,1
DA:7,1
DA:11,1
DA:12,1
DA:18,1
DA:19,1
DA:20,2
DA:26,2
DA:27,1
DA:28,2
LF:10
LH:10
end_of_record
SF:lib\presentation\bloc\movie_detail\movie_detail_event.dart
DA:8,2
DA:9,1
DA:10,2
LF:3
LH:3
end_of_record
SF:lib\presentation\bloc\movie_detail\movie_detail_bloc.dart
DA:8,3
DA:9,2
DA:10,1
DA:12,2
DA:14,3
DA:16,5
DA:17,3
LF:7
LH:7
end_of_record
SF:lib\presentation\bloc\movie_recommendations\movie_recommendations_bloc.dart
DA:9,1
DA:10,2
DA:11,2
DA:12,1
DA:14,2
DA:16,3
DA:18,1
DA:19,4
DA:20,2
DA:21,2
DA:22,2
LF:11
LH:11
end_of_record
SF:lib\presentation\bloc\movie_recommendations\movie_recommendations_state.dart
DA:6,1
DA:7,1
DA:11,1
DA:12,1
DA:17,1
DA:18,1
DA:19,2
DA:24,2
DA:25,1
DA:26,2
LF:10
LH:10
end_of_record
SF:lib\presentation\bloc\movie_recommendations\movie_recommendations_event.dart
DA:8,2
DA:10,0
DA:11,0
LF:3
LH:1
end_of_record
SF:lib\presentation\bloc\now_playing_movies\now_playing_movies_state.dart
DA:6,1
DA:7,1
DA:11,1
DA:12,1
DA:17,1
DA:19,1
DA:20,2
DA:25,2
DA:27,1
DA:28,2
LF:10
LH:10
end_of_record
SF:lib\presentation\bloc\now_playing_movies\now_playing_movies_event.dart
DA:6,1
DA:7,1
LF:2
LH:2
end_of_record
SF:lib\presentation\bloc\now_playing_movies\now_playing_movies_bloc.dart
DA:10,1
DA:11,2
DA:12,2
DA:13,2
DA:14,3
DA:16,2
DA:17,3
DA:18,1
DA:19,1
DA:20,2
DA:21,2
LF:11
LH:11
end_of_record
SF:lib\presentation\bloc\popular_movies\popular_movies_state.dart
DA:6,1
DA:7,1
DA:11,1
DA:12,1
DA:17,2
DA:18,1
DA:19,2
DA:24,2
DA:25,1
DA:26,2
LF:10
LH:10
end_of_record
SF:lib\presentation\bloc\popular_movies\popular_movies_bloc.dart
DA:8,3
DA:9,2
DA:10,2
DA:12,3
DA:14,1
DA:15,4
DA:16,2
DA:17,2
DA:18,2
LF:9
LH:9
end_of_record
SF:lib\presentation\bloc\popular_movies\popular_movies_event.dart
DA:6,0
DA:7,0
LF:2
LH:0
end_of_record
SF:lib\presentation\bloc\top_rated_movies\top_rated_movies_bloc.dart
DA:9,3
DA:10,2
DA:11,2
DA:12,3
DA:14,1
DA:15,4
DA:16,2
DA:17,2
DA:18,1
DA:19,1
LF:10
LH:10
end_of_record
SF:lib\presentation\bloc\top_rated_movies\top_rated_movies_event.dart
DA:6,0
DA:7,0
LF:2
LH:0
end_of_record
SF:lib\presentation\bloc\top_rated_movies\top_rated_movies_state.dart
DA:6,1
DA:7,1
DA:11,1
DA:12,1
DA:17,2
DA:18,1
DA:19,2
DA:24,2
DA:26,1
DA:27,2
LF:10
LH:10
end_of_record
SF:lib\presentation\pages\home_movie_page.dart
DA:7,15
DA:9,1
DA:10,1
DA:14,1
DA:16,1
DA:17,2
DA:18,2
DA:19,2
DA:20,2
DA:21,2
DA:22,2
DA:23,2
DA:27,1
DA:29,1
DA:30,1
DA:31,1
DA:36,1
DA:37,1
DA:38,0
DA:39,0
DA:40,0
DA:46,1
DA:48,1
DA:49,1
DA:51,1
DA:52,1
DA:54,1
DA:56,1
DA:57,1
DA:58,1
DA:62,1
DA:63,1
DA:64,1
DA:65,0
DA:71,0
DA:74,1
DA:76,0
DA:77,0
DA:79,1
DA:80,1
DA:81,1
DA:85,1
DA:86,2
DA:87,0
DA:88,0
DA:93,1
DA:95,0
DA:96,0
DA:98,1
DA:99,1
DA:100,1
DA:104,1
DA:105,2
DA:106,0
DA:107,0
DA:119,1
DA:120,1
DA:122,1
DA:123,1
DA:125,1
DA:127,1
DA:129,1
DA:131,1
DA:144,2
DA:146,1
DA:148,1
DA:150,1
DA:152,1
DA:153,2
DA:154,1
DA:156,1
DA:157,0
DA:158,0
DA:161,0
DA:164,1
DA:166,1
DA:167,2
DA:168,1
DA:171,0
DA:177,2
LF:80
LH:63
end_of_record
SF:lib\presentation\pages\movie_detail_page.dart
DA:11,1
DA:13,1
DA:14,1
DA:18,1
DA:20,1
DA:21,2
DA:22,6
DA:23,1
DA:24,1
DA:25,4
DA:26,1
DA:27,1
DA:28,4
DA:32,1
DA:35,2
DA:36,2
DA:37,2
DA:41,1
DA:43,1
DA:44,1
DA:45,1
DA:49,1
DA:50,1
DA:51,1
DA:52,1
DA:71,1
DA:72,1
DA:74,1
DA:75,1
DA:79,1
DA:81,3
DA:82,1
DA:83,1
DA:84,1
DA:85,4
DA:87,1
DA:90,0
DA:92,1
DA:94,1
DA:95,1
DA:96,1
DA:106,1
DA:107,1
DA:108,1
DA:110,1
DA:112,1
DA:114,1
DA:115,1
DA:116,3
DA:117,1
DA:119,1
DA:120,0
DA:121,0
DA:123,0
DA:124,0
DA:126,0
DA:127,0
DA:137,0
DA:139,0
DA:141,0
DA:142,0
DA:143,0
DA:147,0
DA:151,0
DA:152,0
DA:153,0
DA:154,0
DA:155,0
DA:160,0
DA:162,0
DA:163,0
DA:164,0
DA:168,0
DA:169,0
DA:170,0
DA:173,1
DA:175,1
DA:176,2
DA:183,1
DA:184,4
DA:186,1
DA:187,4
DA:189,1
DA:190,1
DA:191,1
DA:192,4
DA:194,1
DA:200,5
DA:204,1
DA:206,1
DA:208,1
DA:209,3
DA:212,1
DA:214,1
DA:216,1
DA:218,1
DA:219,1
DA:223,1
DA:224,0
DA:226,1
DA:227,1
DA:228,1
DA:230,1
DA:232,1
DA:233,1
DA:234,1
DA:236,1
DA:237,0
DA:238,0
DA:241,0
DA:244,1
DA:249,1
DA:251,2
DA:252,1
DA:258,0
DA:265,1
DA:269,0
DA:277,1
DA:279,1
DA:294,1
DA:296,1
DA:299,1
DA:301,0
DA:302,0
DA:311,1
DA:313,2
DA:314,3
DA:317,1
DA:321,3
DA:324,1
DA:325,1
DA:326,1
DA:328,1
DA:329,1
DA:331,0
LF:135
LH:101
end_of_record
SF:lib\presentation\pages\popular_movies_page.dart
DA:8,1
DA:10,1
DA:11,1
DA:15,1
DA:17,1
DA:18,1
DA:19,5
DA:22,1
DA:24,1
DA:25,1
DA:28,1
DA:30,1
DA:31,1
DA:32,1
DA:36,1
DA:37,0
DA:38,0
DA:39,0
DA:40,0
DA:41,0
DA:43,0
DA:46,1
DA:48,2
LF:23
LH:17
end_of_record
SF:lib\presentation\pages\top_rated_movies_page.dart
DA:8,1
DA:10,1
DA:11,1
DA:15,1
DA:17,1
DA:18,4
DA:19,4
DA:22,1
DA:24,1
DA:25,1
DA:28,1
DA:30,1
DA:31,1
DA:32,1
DA:36,1
DA:37,0
DA:38,0
DA:39,0
DA:40,0
DA:41,0
DA:43,0
DA:46,1
DA:48,2
LF:23
LH:17
end_of_record
