SF:lib\domain\entities\season.dart
DA:4,8
DA:22,0
DA:23,0
DA:24,0
DA:25,0
DA:26,0
DA:27,0
DA:28,0
DA:29,0
DA:30,0
LF:10
LH:1
end_of_record
SF:lib\domain\entities\tv_series.dart
DA:5,6
DA:19,0
DA:38,4
DA:39,4
DA:40,4
DA:41,4
DA:42,4
DA:43,4
DA:44,4
DA:45,4
DA:46,4
DA:47,4
DA:48,4
DA:49,4
DA:50,4
LF:15
LH:14
end_of_record
SF:lib\domain\entities\tv_series_detail.dart
DA:5,8
DA:31,1
DA:32,1
DA:33,1
DA:34,1
DA:35,1
DA:36,1
DA:37,1
DA:38,1
DA:39,1
DA:40,1
DA:41,1
DA:42,1
LF:13
LH:13
end_of_record
SF:lib\domain\usecases\get_now_playing.dart
DA:8,1
DA:10,1
DA:11,2
LF:3
LH:3
end_of_record
SF:lib\domain\usecases\get_popular_tv_series.dart
DA:8,1
DA:10,1
DA:11,2
LF:3
LH:3
end_of_record
SF:lib\domain\usecases\get_top_rated_tv_series.dart
DA:8,1
DA:10,1
DA:11,2
LF:3
LH:3
end_of_record
SF:lib\domain\usecases\get_tv_series_detail.dart
DA:8,1
DA:10,1
DA:11,2
LF:3
LH:3
end_of_record
SF:lib\domain\usecases\get_tv_series_recommendations.dart
DA:8,1
DA:10,1
DA:11,2
LF:3
LH:3
end_of_record
SF:lib\presentation\bloc\now_playing_tv_series\now_playing_tv_series_state.dart
DA:6,1
DA:7,1
DA:11,1
DA:12,1
DA:17,2
DA:19,1
DA:20,2
DA:25,2
DA:27,1
DA:28,2
LF:10
LH:10
end_of_record
SF:lib\presentation\bloc\now_playing_tv_series\now_playing_tv_series_bloc.dart
DA:9,1
DA:10,2
DA:11,2
DA:12,2
DA:14,3
DA:16,2
DA:17,3
DA:18,1
DA:19,1
DA:20,2
DA:21,2
LF:11
LH:11
end_of_record
SF:lib\presentation\bloc\now_playing_tv_series\now_playing_tv_series_event.dart
DA:6,1
DA:7,1
LF:2
LH:2
end_of_record
SF:lib\presentation\bloc\popular_tv_series\popular_tv_series_state.dart
DA:6,1
DA:7,1
DA:11,1
DA:12,1
DA:17,3
DA:18,1
DA:19,2
DA:24,2
DA:25,1
DA:26,2
LF:10
LH:10
end_of_record
SF:lib\presentation\bloc\popular_tv_series\popular_tv_series_bloc.dart
DA:9,1
DA:10,2
DA:11,2
DA:12,2
DA:14,3
DA:16,1
DA:17,4
DA:18,2
DA:19,2
DA:20,2
LF:10
LH:10
end_of_record
SF:lib\presentation\bloc\popular_tv_series\popular_tv_series_event.dart
DA:6,0
DA:7,0
LF:2
LH:0
end_of_record
SF:lib\presentation\bloc\top_rated_tv_series\top_rated_tv_series_event.dart
DA:6,0
DA:7,0
LF:2
LH:0
end_of_record
SF:lib\presentation\bloc\top_rated_tv_series\top_rated_tv_series_state.dart
DA:6,1
DA:7,1
DA:11,1
DA:12,1
DA:17,3
DA:18,1
DA:19,2
DA:24,2
DA:26,1
DA:27,2
LF:10
LH:10
end_of_record
SF:lib\presentation\bloc\top_rated_tv_series\top_rated_tv_series_bloc.dart
DA:9,1
DA:10,2
DA:11,2
DA:12,2
DA:13,3
DA:15,1
DA:16,4
DA:17,2
DA:18,2
DA:19,2
LF:10
LH:10
end_of_record
SF:lib\presentation\bloc\tv_series_detail\tv_series_detail_event.dart
DA:8,2
DA:9,1
DA:10,2
LF:3
LH:3
end_of_record
SF:lib\presentation\bloc\tv_series_detail\tv_series_detail_state.dart
DA:6,1
DA:7,1
DA:11,1
DA:12,1
DA:18,1
DA:19,1
DA:20,2
DA:26,2
DA:27,1
DA:28,2
LF:10
LH:10
end_of_record
SF:lib\presentation\bloc\tv_series_detail\tv_series_detail_bloc.dart
DA:9,3
DA:10,2
DA:11,1
DA:13,2
DA:15,3
DA:17,5
DA:18,3
LF:7
LH:7
end_of_record
SF:lib\presentation\bloc\tv_series_recommendation\tv_series_recommendation_state.dart
DA:6,1
DA:7,1
DA:11,1
DA:12,1
DA:17,1
DA:18,1
DA:19,2
DA:24,2
DA:25,1
DA:26,2
LF:10
LH:10
end_of_record
SF:lib\presentation\bloc\tv_series_recommendation\tv_series_recommendation_event.dart
DA:8,2
DA:10,0
DA:11,0
LF:3
LH:1
end_of_record
SF:lib\presentation\bloc\tv_series_recommendation\tv_series_recommendation_bloc.dart
DA:9,1
DA:10,2
DA:11,2
DA:12,1
DA:14,2
DA:16,3
DA:18,1
DA:19,4
DA:20,2
DA:21,2
DA:22,2
LF:11
LH:11
end_of_record
SF:lib\presentation\pages\popular_tv_series_page.dart
DA:8,1
DA:10,1
DA:11,1
DA:15,1
DA:17,1
DA:18,2
DA:19,4
DA:22,1
DA:24,1
DA:25,1
DA:28,1
DA:30,1
DA:31,1
DA:32,1
DA:36,1
DA:37,0
DA:38,0
DA:39,0
DA:40,0
DA:41,0
DA:43,0
DA:46,1
DA:48,2
LF:23
LH:17
end_of_record
SF:lib\presentation\pages\top_rated_tv_series_page.dart
DA:8,1
DA:10,1
DA:11,1
DA:15,1
DA:17,1
DA:18,2
DA:19,4
DA:22,1
DA:24,1
DA:25,1
DA:28,1
DA:30,1
DA:31,1
DA:32,1
DA:36,1
DA:37,0
DA:38,0
DA:39,0
DA:40,0
DA:41,0
DA:43,0
DA:46,1
DA:48,2
LF:23
LH:17
end_of_record
SF:lib\presentation\pages\tv_series_detail_page.dart
DA:11,1
DA:13,1
DA:14,1
DA:18,1
DA:20,1
DA:21,2
DA:22,6
DA:23,1
DA:24,1
DA:25,4
DA:26,1
DA:27,1
DA:28,4
DA:32,1
DA:35,2
DA:36,2
DA:37,2
DA:41,1
DA:43,1
DA:44,1
DA:45,1
DA:49,1
DA:50,1
DA:51,1
DA:52,1
DA:71,1
DA:72,1
DA:74,1
DA:75,1
DA:79,1
DA:81,3
DA:82,1
DA:83,1
DA:84,1
DA:85,4
DA:87,1
DA:90,0
DA:92,1
DA:94,1
DA:95,1
DA:96,1
DA:106,1
DA:107,1
DA:108,1
DA:110,1
DA:112,1
DA:114,1
DA:115,1
DA:116,3
DA:117,1
DA:119,1
DA:120,0
DA:121,0
DA:122,0
DA:123,0
DA:125,0
DA:126,0
DA:127,0
DA:137,0
DA:139,0
DA:141,0
DA:142,0
DA:143,0
DA:147,0
DA:151,0
DA:152,0
DA:153,0
DA:154,0
DA:155,0
DA:160,0
DA:162,0
DA:163,0
DA:164,0
DA:168,0
DA:169,0
DA:170,0
DA:173,1
DA:175,1
DA:176,2
DA:183,1
DA:184,4
DA:186,1
DA:187,3
DA:189,1
DA:190,1
DA:191,1
DA:192,4
DA:194,1
DA:200,5
DA:204,1
DA:206,1
DA:208,5
DA:210,1
DA:212,1
DA:214,1
DA:215,1
DA:216,1
DA:217,4
DA:220,4
DA:224,1
DA:226,1
DA:228,1
DA:230,1
DA:231,1
DA:236,1
DA:237,0
DA:239,1
DA:240,1
DA:241,1
DA:243,1
DA:245,1
DA:246,1
DA:247,1
DA:249,1
DA:250,0
DA:251,0
DA:254,0
DA:257,1
DA:262,1
DA:264,2
DA:265,1
DA:271,0
DA:278,1
DA:282,0
DA:290,1
DA:292,1
DA:307,1
DA:309,1
DA:312,1
DA:314,0
DA:315,0
DA:324,1
DA:326,2
DA:327,3
DA:330,1
DA:334,3
LF:136
LH:102
end_of_record
SF:lib\presentation\pages\tv_series_home_page.dart
DA:6,15
DA:9,1
DA:10,1
DA:14,1
DA:16,1
DA:17,2
DA:18,4
DA:19,4
DA:20,4
DA:24,1
DA:26,1
DA:27,1
DA:28,1
DA:33,1
DA:34,1
DA:35,0
DA:36,0
DA:42,1
DA:44,1
DA:45,1
DA:47,1
DA:48,1
DA:50,1
DA:52,1
DA:53,1
DA:54,1
DA:58,1
DA:59,1
DA:60,1
DA:61,1
DA:67,1
DA:70,1
DA:72,0
DA:73,0
DA:76,1
DA:77,1
DA:78,1
DA:82,1
DA:83,1
DA:84,1
DA:85,1
DA:91,1
DA:94,1
DA:96,0
DA:97,0
DA:100,1
DA:101,1
DA:102,1
DA:106,1
DA:107,1
DA:108,1
DA:109,1
DA:115,1
DA:130,2
DA:132,1
DA:134,1
DA:136,1
DA:138,1
DA:139,2
DA:140,1
DA:142,1
DA:143,0
DA:144,0
DA:147,0
DA:150,1
DA:152,1
DA:154,2
DA:155,1
DA:158,0
DA:164,2
LF:70
LH:60
end_of_record
