SF:lib\domain\usecases\movies\get_watchlist_movies.dart
DA:8,1
DA:10,1
DA:11,2
LF:3
LH:3
end_of_record
SF:lib\domain\usecases\movies\get_watchlist_status.dart
DA:6,1
DA:8,1
DA:9,2
LF:3
LH:3
end_of_record
SF:lib\domain\usecases\movies\remove_watchlist.dart
DA:8,1
DA:10,1
DA:11,2
LF:3
LH:3
end_of_record
SF:lib\domain\usecases\movies\save_watchlist.dart
DA:8,1
DA:10,1
DA:11,2
LF:3
LH:3
end_of_record
SF:lib\domain\usecases\tv_series\get_watchlist_status.dart
DA:6,1
DA:8,1
DA:9,2
LF:3
LH:3
end_of_record
SF:lib\domain\usecases\tv_series\get_watchlist_tv_series.dart
DA:8,1
DA:10,1
DA:11,2
LF:3
LH:3
end_of_record
SF:lib\domain\usecases\tv_series\remove_watchlist.dart
DA:8,1
DA:10,1
DA:11,2
LF:3
LH:3
end_of_record
SF:lib\domain\usecases\tv_series\save_watchlist.dart
DA:8,1
DA:10,1
DA:11,2
LF:3
LH:3
end_of_record
SF:lib\presentation\bloc\watchlist_movies\watchlist_movies_event.dart
DA:6,1
DA:7,1
DA:12,1
DA:13,1
DA:14,2
DA:19,1
DA:20,1
DA:21,2
DA:26,1
DA:27,1
DA:28,2
LF:11
LH:11
end_of_record
SF:lib\presentation\bloc\watchlist_movies\watchlist_movies_bloc.dart
DA:14,1
DA:19,2
DA:20,2
DA:21,2
DA:22,3
DA:24,1
DA:25,4
DA:26,2
DA:27,2
DA:28,1
DA:29,1
DA:33,2
DA:34,1
DA:36,3
DA:38,2
DA:41,1
DA:42,1
DA:43,1
DA:45,3
DA:47,1
DA:48,4
DA:49,2
DA:50,1
DA:56,1
DA:57,1
DA:58,1
DA:60,3
DA:62,1
DA:63,4
DA:64,2
DA:65,1
LF:31
LH:31
end_of_record
SF:lib\presentation\bloc\watchlist_movies\watchlist_movies_state.dart
DA:6,1
DA:7,1
DA:11,1
DA:12,1
DA:17,2
DA:18,1
DA:19,2
DA:24,1
DA:25,1
DA:26,2
DA:31,1
DA:32,1
DA:33,2
DA:39,1
DA:40,1
DA:41,2
LF:16
LH:16
end_of_record
SF:lib\presentation\bloc\watchlist_tv_series\watchlist_tv_series_event.dart
DA:6,1
DA:7,1
DA:12,1
DA:13,1
DA:14,2
DA:19,1
DA:20,1
DA:21,2
DA:26,1
DA:27,1
DA:28,2
LF:11
LH:11
end_of_record
SF:lib\presentation\bloc\watchlist_tv_series\watchlist_tv_series_state.dart
DA:6,1
DA:7,1
DA:11,1
DA:12,1
DA:17,2
DA:18,1
DA:19,2
DA:24,1
DA:25,1
DA:26,2
DA:31,1
DA:32,1
DA:33,2
DA:39,1
DA:40,1
DA:41,2
LF:16
LH:16
end_of_record
SF:lib\presentation\bloc\watchlist_tv_series\watchlist_tv_series_bloc.dart
DA:13,1
DA:18,2
DA:19,2
DA:20,2
DA:21,3
DA:22,1
DA:23,4
DA:24,2
DA:25,2
DA:26,2
DA:30,2
DA:31,1
DA:33,3
DA:35,2
DA:38,1
DA:39,1
DA:40,1
DA:42,3
DA:44,1
DA:45,4
DA:46,2
DA:47,1
DA:53,1
DA:54,1
DA:55,1
DA:57,3
DA:59,1
DA:60,4
DA:61,2
DA:62,1
LF:30
LH:30
end_of_record
SF:lib\presentation\pages\watchlist_movies_page.dart
DA:8,13
DA:10,1
DA:11,1
DA:16,1
DA:18,1
DA:19,2
DA:20,4
DA:23,1
DA:25,1
DA:26,4
DA:29,0
DA:31,0
DA:34,1
DA:36,1
DA:38,1
DA:39,1
DA:40,1
DA:44,1
DA:45,0
DA:46,0
DA:47,0
DA:48,0
DA:49,0
DA:51,0
DA:53,1
DA:54,0
DA:55,0
DA:57,0
DA:62,0
DA:63,0
DA:66,0
DA:83,1
DA:85,2
DA:86,1
LF:34
LH:20
end_of_record
SF:lib\presentation\pages\watchlist_tv_series_page.dart
DA:8,13
DA:10,1
DA:11,1
DA:16,1
DA:18,1
DA:19,2
DA:20,4
DA:23,1
DA:25,1
DA:26,4
DA:29,0
DA:31,0
DA:34,1
DA:36,1
DA:37,1
DA:38,1
DA:42,1
DA:43,0
DA:44,0
DA:46,0
DA:51,0
DA:52,0
DA:55,0
DA:62,1
DA:63,0
DA:64,0
DA:65,0
DA:66,0
DA:67,0
DA:69,0
DA:81,1
DA:83,2
DA:84,1
LF:33
LH:19
end_of_record
